{"/home/alaa/Desktop/o2-project/main.js":{"path":"/home/alaa/Desktop/o2-project/main.js","s":{"1":1,"2":1,"3":2,"4":2,"5":2,"6":2,"7":0,"8":0,"9":0},"b":{},"f":{"1":2},"fnMap":{"1":{"name":"mainHandler","line":3,"loc":{"start":{"line":3,"column":17},"end":{"line":3,"column":48}}}},"statementMap":{"1":{"start":{"line":1,"column":0},"end":{"line":1,"column":53}},"2":{"start":{"line":3,"column":0},"end":{"line":14,"column":2}},"3":{"start":{"line":4,"column":1},"end":{"line":4,"column":34}},"4":{"start":{"line":5,"column":3},"end":{"line":5,"column":39}},"5":{"start":{"line":7,"column":4},"end":{"line":13,"column":5}},"6":{"start":{"line":8,"column":8},"end":{"line":8,"column":32}},"7":{"start":{"line":10,"column":8},"end":{"line":10,"column":34}},"8":{"start":{"line":11,"column":8},"end":{"line":11,"column":36}},"9":{"start":{"line":12,"column":8},"end":{"line":12,"column":29}}},"branchMap":{}},"/home/alaa/Desktop/o2-project/google-sheet-api/router.js":{"path":"/home/alaa/Desktop/o2-project/google-sheet-api/router.js","s":{"1":1,"2":1,"3":1,"4":0,"5":0,"6":0,"7":1,"8":1,"9":0,"10":0,"11":1,"12":1},"b":{"1":[0,1]},"f":{},"fnMap":{},"statementMap":{"1":{"start":{"line":1,"column":0},"end":{"line":1,"column":23}},"2":{"start":{"line":2,"column":0},"end":{"line":2,"column":47}},"3":{"start":{"line":4,"column":0},"end":{"line":23,"column":1}},"4":{"start":{"line":9,"column":4},"end":{"line":9,"column":45}},"5":{"start":{"line":10,"column":4},"end":{"line":10,"column":44}},"6":{"start":{"line":11,"column":4},"end":{"line":11,"column":40}},"7":{"start":{"line":14,"column":4},"end":{"line":21,"column":7}},"8":{"start":{"line":15,"column":6},"end":{"line":18,"column":7}},"9":{"start":{"line":16,"column":8},"end":{"line":16,"column":31}},"10":{"start":{"line":17,"column":8},"end":{"line":17,"column":32}},"11":{"start":{"line":19,"column":6},"end":{"line":19,"column":68}},"12":{"start":{"line":20,"column":6},"end":{"line":20,"column":16}}},"branchMap":{"1":{"line":15,"type":"if","locations":[{"start":{"line":15,"column":6},"end":{"line":15,"column":6}},{"start":{"line":15,"column":6},"end":{"line":15,"column":6}}]}}},"/home/alaa/Desktop/o2-project/facebook-api/utils1.js":{"path":"/home/alaa/Desktop/o2-project/facebook-api/utils1.js","s":{"1":1,"2":1,"3":0,"4":1,"5":1,"6":1,"7":1,"8":1},"b":{},"f":{},"fnMap":{},"statementMap":{"1":{"start":{"line":1,"column":0},"end":{"line":1,"column":32}},"2":{"start":{"line":3,"column":0},"end":{"line":12,"column":2}},"3":{"start":{"line":5,"column":4},"end":{"line":5,"column":25}},"4":{"start":{"line":8,"column":4},"end":{"line":8,"column":19}},"5":{"start":{"line":9,"column":4},"end":{"line":9,"column":44}},"6":{"start":{"line":9,"column":28},"end":{"line":9,"column":42}},"7":{"start":{"line":10,"column":4},"end":{"line":10,"column":57}},"8":{"start":{"line":10,"column":24},"end":{"line":10,"column":55}}},"branchMap":{}},"/home/alaa/Desktop/o2-project/google-sheet-api/index.js":{"path":"/home/alaa/Desktop/o2-project/google-sheet-api/index.js","s":{"1":1,"2":1,"3":1,"4":1},"b":{},"f":{"1":1},"fnMap":{"1":{"name":"(anonymous_1)","line":3,"loc":{"start":{"line":3,"column":18},"end":{"line":3,"column":38}}}},"statementMap":{"1":{"start":{"line":1,"column":0},"end":{"line":1,"column":23}},"2":{"start":{"line":2,"column":0},"end":{"line":2,"column":70}},"3":{"start":{"line":3,"column":0},"end":{"line":5,"column":1}},"4":{"start":{"line":4,"column":1},"end":{"line":4,"column":19}}},"branchMap":{}},"/home/alaa/Desktop/o2-project/google-sheet-api/sheet.js":{"path":"/home/alaa/Desktop/o2-project/google-sheet-api/sheet.js","s":{"1":1,"2":1,"3":0,"4":0,"5":0,"6":0,"7":0,"8":0},"b":{},"f":{"1":0,"2":0},"fnMap":{"1":{"name":"(anonymous_1)","line":2,"loc":{"start":{"line":2,"column":17},"end":{"line":2,"column":36}}},"2":{"name":"(anonymous_2)","line":4,"loc":{"start":{"line":4,"column":25},"end":{"line":4,"column":45}}}},"statementMap":{"1":{"start":{"line":1,"column":0},"end":{"line":1,"column":52}},"2":{"start":{"line":2,"column":0},"end":{"line":12,"column":1}},"3":{"start":{"line":3,"column":4},"end":{"line":3,"column":51}},"4":{"start":{"line":4,"column":4},"end":{"line":10,"column":7}},"5":{"start":{"line":5,"column":8},"end":{"line":5,"column":31}},"6":{"start":{"line":7,"column":8},"end":{"line":7,"column":47}},"7":{"start":{"line":8,"column":8},"end":{"line":8,"column":170}},"8":{"start":{"line":9,"column":13},"end":{"line":9,"column":47}}},"branchMap":{}},"/home/alaa/Desktop/o2-project/google-sheet-api/utils.js":{"path":"/home/alaa/Desktop/o2-project/google-sheet-api/utils.js","s":{"1":1,"2":1,"3":1,"4":1,"5":1,"6":1,"7":0,"8":0,"9":0,"10":0,"11":0,"12":0,"13":0,"14":0,"15":0,"16":1,"17":0,"18":0,"19":0,"20":0,"21":0,"22":0,"23":0,"24":0,"25":0,"26":0,"27":1},"b":{"1":[0,0]},"f":{"1":0,"2":0,"3":0,"4":0},"fnMap":{"1":{"name":"parseBody","line":6,"loc":{"start":{"line":6,"column":0},"end":{"line":6,"column":34}}},"2":{"name":"(anonymous_2)","line":8,"loc":{"start":{"line":8,"column":19},"end":{"line":8,"column":34}}},"3":{"name":"(anonymous_3)","line":12,"loc":{"start":{"line":12,"column":18},"end":{"line":12,"column":29}}},"4":{"name":"writesheet","line":28,"loc":{"start":{"line":28,"column":0},"end":{"line":28,"column":28}}}},"statementMap":{"1":{"start":{"line":1,"column":0},"end":{"line":1,"column":32}},"2":{"start":{"line":2,"column":0},"end":{"line":2,"column":29}},"3":{"start":{"line":3,"column":0},"end":{"line":3,"column":35}},"4":{"start":{"line":4,"column":0},"end":{"line":4,"column":33}},"5":{"start":{"line":5,"column":0},"end":{"line":5,"column":9}},"6":{"start":{"line":6,"column":0},"end":{"line":26,"column":1}},"7":{"start":{"line":7,"column":4},"end":{"line":7,"column":18}},"8":{"start":{"line":8,"column":4},"end":{"line":11,"column":7}},"9":{"start":{"line":9,"column":8},"end":{"line":9,"column":21}},"10":{"start":{"line":10,"column":8},"end":{"line":10,"column":27}},"11":{"start":{"line":12,"column":4},"end":{"line":25,"column":7}},"12":{"start":{"line":13,"column":5},"end":{"line":13,"column":34}},"13":{"start":{"line":14,"column":8},"end":{"line":14,"column":35}},"14":{"start":{"line":17,"column":8},"end":{"line":23,"column":9}},"15":{"start":{"line":24,"column":8},"end":{"line":24,"column":36}},"16":{"start":{"line":28,"column":0},"end":{"line":55,"column":1}},"17":{"start":{"line":29,"column":4},"end":{"line":34,"column":6}},"18":{"start":{"line":36,"column":4},"end":{"line":36,"column":66}},"19":{"start":{"line":37,"column":4},"end":{"line":54,"column":7}},"20":{"start":{"line":38,"column":8},"end":{"line":41,"column":9}},"21":{"start":{"line":39,"column":12},"end":{"line":39,"column":29}},"22":{"start":{"line":40,"column":12},"end":{"line":40,"column":19}},"23":{"start":{"line":42,"column":8},"end":{"line":50,"column":10}},"24":{"start":{"line":51,"column":8},"end":{"line":51,"column":51}},"25":{"start":{"line":52,"column":8},"end":{"line":52,"column":26}},"26":{"start":{"line":53,"column":8},"end":{"line":53,"column":18}},"27":{"start":{"line":56,"column":0},"end":{"line":60,"column":2}}},"branchMap":{"1":{"line":38,"type":"if","locations":[{"start":{"line":38,"column":8},"end":{"line":38,"column":8}},{"start":{"line":38,"column":8},"end":{"line":38,"column":8}}]}}}}