TN:
SF:/home/alaa/Desktop/o2-project/main.js
FN:3,mainHandler
FNF:1
FNH:1
FNDA:2,mainHandler
DA:1,1
DA:3,1
DA:4,2
DA:5,2
DA:7,2
DA:8,2
DA:10,0
DA:11,0
DA:12,0
LF:9
LH:6
BRF:0
BRH:0
end_of_record
TN:
SF:/home/alaa/Desktop/o2-project/google-sheet-api/router.js
FNF:0
FNH:0
DA:1,1
DA:2,1
DA:4,1
DA:9,0
DA:10,0
DA:11,0
DA:14,1
DA:15,1
DA:16,0
DA:17,0
DA:19,1
DA:20,1
LF:12
LH:7
BRDA:15,1,0,0
BRDA:15,1,1,1
BRF:2
BRH:1
end_of_record
TN:
SF:/home/alaa/Desktop/o2-project/facebook-api/utils1.js
FNF:0
FNH:0
DA:1,1
DA:3,1
DA:5,0
DA:8,1
DA:9,1
DA:10,1
LF:6
LH:5
BRF:0
BRH:0
end_of_record
TN:
SF:/home/alaa/Desktop/o2-project/google-sheet-api/index.js
FN:3,(anonymous_1)
FNF:1
FNH:1
FNDA:1,(anonymous_1)
DA:1,1
DA:2,1
DA:3,1
DA:4,1
LF:4
LH:4
BRF:0
BRH:0
end_of_record
TN:
SF:/home/alaa/Desktop/o2-project/google-sheet-api/sheet.js
FN:2,(anonymous_1)
FN:4,(anonymous_2)
FNF:2
FNH:0
FNDA:0,(anonymous_1)
FNDA:0,(anonymous_2)
DA:1,1
DA:2,1
DA:3,0
DA:4,0
DA:5,0
DA:7,0
DA:8,0
DA:9,0
LF:8
LH:2
BRF:0
BRH:0
end_of_record
TN:
SF:/home/alaa/Desktop/o2-project/google-sheet-api/utils.js
FN:6,parseBody
FN:8,(anonymous_2)
FN:12,(anonymous_3)
FN:28,writesheet
FNF:4
FNH:0
FNDA:0,parseBody
FNDA:0,(anonymous_2)
FNDA:0,(anonymous_3)
FNDA:0,writesheet
DA:1,1
DA:2,1
DA:3,1
DA:4,1
DA:5,1
DA:6,1
DA:7,0
DA:8,0
DA:9,0
DA:10,0
DA:12,0
DA:13,0
DA:14,0
DA:17,0
DA:24,0
DA:28,1
DA:29,0
DA:36,0
DA:37,0
DA:38,0
DA:39,0
DA:40,0
DA:42,0
DA:51,0
DA:52,0
DA:53,0
DA:56,1
LF:27
LH:8
BRDA:38,1,0,0
BRDA:38,1,1,0
BRF:2
BRH:0
end_of_record
